<?xml version="1.0" encoding="UTF-8"?>
<!-- Generated by org.testng.reporters.JUnitReportReporter -->
<testsuite hostname="HOME" name="org.testngclasses.FBGrouping" tests="1" failures="0" timestamp="5 Jan 2022 11:59:50 GMT" time="0.672" errors="0">
  <testcase name="log1" time="0.672" classname="org.testngclasses.FBGrouping"/>
</testsuite> <!-- org.testngclasses.FBGrouping -->
