<?xml version="1.0" encoding="UTF-8"?>
<!-- Generated by org.testng.reporters.JUnitReportReporter -->
<testsuite hostname="HOME" name="org.testngclasses.FBLoginPageValidation" tests="2" failures="0" timestamp="5 Jan 2022 11:38:59 GMT" time="0.830" errors="0">
  <testcase name="loginFunctionality" time="0.798" classname="org.testngclasses.FBLoginPageValidation"/>
  <testcase name="printUrlAndTitle" time="0.032" classname="org.testngclasses.FBLoginPageValidation"/>
</testsuite> <!-- org.testngclasses.FBLoginPageValidation -->
