<?xml version="1.0" encoding="UTF-8"?>
<!-- Generated by org.testng.reporters.JUnitReportReporter -->
<testsuite hostname="HOME" name="org.testngclasses.FlipKartLoginAssertion" tests="1" failures="0" timestamp="5 Jan 2022 11:43:05 GMT" time="20.304" errors="0">
  <testcase name="login" time="20.304" classname="org.testngclasses.FlipKartLoginAssertion"/>
</testsuite> <!-- org.testngclasses.FlipKartLoginAssertion -->
