<?xml version="1.0" encoding="UTF-8"?>
<!-- Generated by org.testng.reporters.JUnitReportReporter -->
<testsuite hostname="HOME" name="org.testngclasses.GmailDataProvider" tests="2" failures="0" timestamp="10 Jan 2022 06:02:43 GMT" time="5.070" errors="0">
  <testcase name="test" time="1.217" classname="org.testngclasses.GmailDataProvider"/>
  <testcase name="test" time="3.853" classname="org.testngclasses.GmailDataProvider"/>
</testsuite> <!-- org.testngclasses.GmailDataProvider -->
