<?xml version="1.0" encoding="UTF-8"?>
<!-- Generated by org.testng.reporters.JUnitReportReporter -->
<testsuite hostname="HOME" name="org.testngclasses.Sample" tests="1" failures="0" timestamp="23 Dec 2021 15:58:45 GMT" time="0.013" errors="0">
  <testcase name="tc1" time="0.013" classname="org.testngclasses.Sample"/>
</testsuite> <!-- org.testngclasses.Sample -->
