<?xml version="1.0" encoding="UTF-8"?>
<!-- Generated by org.testng.reporters.JUnitReportReporter -->
<testsuite hostname="HOME" name="org.testngclasses.AdactinOrder" tests="5" failures="0" timestamp="23 Dec 2021 16:13:54 GMT" time="19.965" errors="0">
  <testcase name="tc3" time="1.070" classname="org.testngclasses.AdactinOrder"/>
  <testcase name="tc5" time="8.161" classname="org.testngclasses.AdactinOrder"/>
  <testcase name="tc1" time="8.741" classname="org.testngclasses.AdactinOrder"/>
  <testcase name="tc4" time="0.535" classname="org.testngclasses.AdactinOrder"/>
  <testcase name="tc2" time="1.458" classname="org.testngclasses.AdactinOrder"/>
</testsuite> <!-- org.testngclasses.AdactinOrder -->
