<?xml version="1.0" encoding="UTF-8"?>
<!-- Generated by org.testng.reporters.JUnitReportReporter -->
<testsuite hostname="HOME" name="org.testngclasses.RedBusAssertion" tests="1" failures="0" timestamp="5 Jan 2022 11:41:44 GMT" time="1.145" errors="0">
  <testcase name="signIn" time="1.145" classname="org.testngclasses.RedBusAssertion"/>
</testsuite> <!-- org.testngclasses.RedBusAssertion -->
