<?xml version="1.0" encoding="UTF-8"?>
<!-- Generated by org.testng.reporters.JUnitReportReporter -->
<testsuite hostname="HOME" name="org.testngclasses.GmailParameter" tests="1" failures="0" timestamp="10 Jan 2022 05:46:10 GMT" time="0.188" errors="0">
  <testcase name="login" time="0.188" classname="org.testngclasses.GmailParameter"/>
</testsuite> <!-- org.testngclasses.GmailParameter -->
