<?xml version="1.0" encoding="UTF-8"?>
<!-- Generated by org.testng.reporters.JUnitReportReporter -->
<testsuite hostname="HOME" name="org.testngclasses.FlipKartParallelTests" tests="3" failures="0" timestamp="5 Jan 2022 11:47:08 GMT" time="65.026" errors="0">
  <testcase name="login" time="17.874" classname="org.testngclasses.FlipKartParallelTests"/>
  <testcase name="login" time="29.294" classname="org.testngclasses.FlipKartParallelTests"/>
  <testcase name="login" time="17.858" classname="org.testngclasses.FlipKartParallelTests"/>
</testsuite> <!-- org.testngclasses.FlipKartParallelTests -->
