<?xml version="1.0" encoding="UTF-8"?>
<!-- Generated by org.testng.reporters.JUnitReportReporter -->
<testsuite hostname="HOME" name="org.testngclasses.CrossBrowser" tests="3" failures="0" timestamp="4 Jan 2022 12:13:20 GMT" time="33.211" errors="0">
  <testcase name="launchGreensTech" time="11.068" classname="org.testngclasses.CrossBrowser"/>
  <testcase name="launchGreensTech" time="11.070" classname="org.testngclasses.CrossBrowser"/>
  <testcase name="launchGreensTech" time="11.073" classname="org.testngclasses.CrossBrowser"/>
</testsuite> <!-- org.testngclasses.CrossBrowser -->
