<?xml version="1.0" encoding="UTF-8"?>
<!-- Generated by org.testng.reporters.JUnitReportReporter -->
<testsuite hostname="HOME" name="org.testngclasses.GmailDataProvider" tests="2" failures="0" timestamp="17 Mar 2022 12:59:40 GMT" time="5.617" errors="0">
  <testcase name="test" time="1.921" classname="org.testngclasses.GmailDataProvider"/>
  <testcase name="test" time="3.696" classname="org.testngclasses.GmailDataProvider"/>
</testsuite> <!-- org.testngclasses.GmailDataProvider -->
